# JRE version: OpenJDK Runtime Environment (8.0_202-b03) (build 1.8.0_202-release-1483-b03)
# Java VM: OpenJDK 64-Bit Server VM (25.202-b03 mixed mode windows-amd64 compressed oops)
Heap:
 PSYoungGen      total 465920K, used 126771K [0x00000000e0000000, 0x0000000100000000, 0x0000000100000000)
  eden space 414208K, 23% used [0x00000000e0000000,0x00000000e5e70c40,0x00000000f9480000)
  from space 51712K, 58% used [0x00000000f9480000,0x00000000fb1dc138,0x00000000fc700000)
  to   space 53248K, 0% used [0x00000000fcc00000,0x00000000fcc00000,0x0000000100000000)
 ParOldGen       total 161280K, used 126101K [0x00000000a0000000, 0x00000000a9d80000, 0x00000000e0000000)
  object space 161280K, 78% used [0x00000000a0000000,0x00000000a7b256d8,0x00000000a9d80000)
 Metaspace       used 93895K, capacity 100298K, committed 100568K, reserved 1136640K
  class space    used 11833K, capacity 12929K, committed 13056K, reserved 1048576K
GC Heap History (10 events):
Event: 3816.164 GC heap before
{Heap before GC invocations=69 (full 4):
 PSYoungGen      total 460800K, used 409374K [0x00000000e0000000, 0x00000000ffb00000, 0x0000000100000000)
  eden space 402432K, 99% used [0x00000000e0000000,0x00000000f888b938,0x00000000f8900000)
  from space 58368K, 12% used [0x00000000fc200000,0x00000000fc93c138,0x00000000ffb00000)
  to   space 58368K, 0% used [0x00000000f8900000,0x00000000f8900000,0x00000000fc200000)
 ParOldGen       total 161280K, used 126061K [0x00000000a0000000, 0x00000000a9d80000, 0x00000000e0000000)
  object space 161280K, 78% used [0x00000000a0000000,0x00000000a7b1b6d8,0x00000000a9d80000)
 Metaspace       used 93253K, capacity 99634K, committed 100056K, reserved 1136640K
  class space    used 11809K, capacity 12857K, committed 13056K, reserved 1048576K
Event: 3816.177 GC heap after
Heap after GC invocations=69 (full 4):
 PSYoungGen      total 460800K, used 7232K [0x00000000e0000000, 0x00000000ffd00000, 0x0000000100000000)
  eden space 402432K, 0% used [0x00000000e0000000,0x00000000e0000000,0x00000000f8900000)
  from space 58368K, 12% used [0x00000000f8900000,0x00000000f9010398,0x00000000fc200000)
  to   space 56832K, 0% used [0x00000000fc580000,0x00000000fc580000,0x00000000ffd00000)
 ParOldGen       total 161280K, used 126069K [0x00000000a0000000, 0x00000000a9d80000, 0x00000000e0000000)
  object space 161280K, 78% used [0x00000000a0000000,0x00000000a7b1d6d8,0x00000000a9d80000)
 Metaspace       used 93253K, capacity 99634K, committed 100056K, reserved 1136640K
  class space    used 11809K, capacity 12857K, committed 13056K, reserved 1048576K
}
Event: 3917.314 GC heap before
{Heap before GC invocations=70 (full 4):
 PSYoungGen      total 460800K, used 409664K [0x00000000e0000000, 0x00000000ffd00000, 0x0000000100000000)
  eden space 402432K, 100% used [0x00000000e0000000,0x00000000f8900000,0x00000000f8900000)
  from space 58368K, 12% used [0x00000000f8900000,0x00000000f9010398,0x00000000fc200000)
  to   space 56832K, 0% used [0x00000000fc580000,0x00000000fc580000,0x00000000ffd00000)
 ParOldGen       total 161280K, used 126069K [0x00000000a0000000, 0x00000000a9d80000, 0x00000000e0000000)
  object space 161280K, 78% used [0x00000000a0000000,0x00000000a7b1d6d8,0x00000000a9d80000)
 Metaspace       used 93337K, capacity 99702K, committed 100056K, reserved 1136640K
  class space    used 11810K, capacity 12857K, committed 13056K, reserved 1048576K
Event: 3917.323 GC heap after
Heap after GC invocations=70 (full 4):
 PSYoungGen      total 464384K, used 3856K [0x00000000e0000000, 0x00000000ffb80000, 0x0000000100000000)
  eden space 409088K, 0% used [0x00000000e0000000,0x00000000e0000000,0x00000000f8f80000)
  from space 55296K, 6% used [0x00000000fc580000,0x00000000fc944240,0x00000000ffb80000)
  to   space 55296K, 0% used [0x00000000f8f80000,0x00000000f8f80000,0x00000000fc580000)
 ParOldGen       total 161280K, used 126077K [0x00000000a0000000, 0x00000000a9d80000, 0x00000000e0000000)
  object space 161280K, 78% used [0x00000000a0000000,0x00000000a7b1f6d8,0x00000000a9d80000)
 Metaspace       used 93337K, capacity 99702K, committed 100056K, reserved 1136640K
  class space    used 11810K, capacity 12857K, committed 13056K, reserved 1048576K
}
Event: 3955.176 GC heap before
{Heap before GC invocations=71 (full 4):
 PSYoungGen      total 464384K, used 412944K [0x00000000e0000000, 0x00000000ffb80000, 0x0000000100000000)
  eden space 409088K, 100% used [0x00000000e0000000,0x00000000f8f80000,0x00000000f8f80000)
  from space 55296K, 6% used [0x00000000fc580000,0x00000000fc944240,0x00000000ffb80000)
  to   space 55296K, 0% used [0x00000000f8f80000,0x00000000f8f80000,0x00000000fc580000)
 ParOldGen       total 161280K, used 126077K [0x00000000a0000000, 0x00000000a9d80000, 0x00000000e0000000)
  object space 161280K, 78% used [0x00000000a0000000,0x00000000a7b1f6d8,0x00000000a9d80000)
 Metaspace       used 93364K, capacity 99766K, committed 100312K, reserved 1136640K
  class space    used 11810K, capacity 12857K, committed 13056K, reserved 1048576K
Event: 3955.205 GC heap after
Heap after GC invocations=71 (full 4):
 PSYoungGen      total 464384K, used 10800K [0x00000000e0000000, 0x00000000ffa00000, 0x0000000100000000)
  eden space 409088K, 0% used [0x00000000e0000000,0x00000000e0000000,0x00000000f8f80000)
  from space 55296K, 19% used [0x00000000f8f80000,0x00000000f9a0c198,0x00000000fc580000)
  to   space 52224K, 0% used [0x00000000fc700000,0x00000000fc700000,0x00000000ffa00000)
 ParOldGen       total 161280K, used 126085K [0x00000000a0000000, 0x00000000a9d80000, 0x00000000e0000000)
  object space 161280K, 78% used [0x00000000a0000000,0x00000000a7b216d8,0x00000000a9d80000)
 Metaspace       used 93364K, capacity 99766K, committed 100312K, reserved 1136640K
  class space    used 11810K, capacity 12857K, committed 13056K, reserved 1048576K
}
Event: 6466.486 GC heap before
{Heap before GC invocations=72 (full 4):
 PSYoungGen      total 464384K, used 418815K [0x00000000e0000000, 0x00000000ffa00000, 0x0000000100000000)
  eden space 409088K, 99% used [0x00000000e0000000,0x00000000f8e73d58,0x00000000f8f80000)
  from space 55296K, 19% used [0x00000000f8f80000,0x00000000f9a0c198,0x00000000fc580000)
  to   space 52224K, 0% used [0x00000000fc700000,0x00000000fc700000,0x00000000ffa00000)
 ParOldGen       total 161280K, used 126085K [0x00000000a0000000, 0x00000000a9d80000, 0x00000000e0000000)
  object space 161280K, 78% used [0x00000000a0000000,0x00000000a7b216d8,0x00000000a9d80000)
 Metaspace       used 93447K, capacity 99830K, committed 100312K, reserved 1136640K
  class space    used 11810K, capacity 12857K, committed 13056K, reserved 1048576K
Event: 6466.569 GC heap after
Heap after GC invocations=72 (full 4):
 PSYoungGen      total 466432K, used 23972K [0x00000000e0000000, 0x00000000ffa00000, 0x0000000100000000)
  eden space 414208K, 0% used [0x00000000e0000000,0x00000000e0000000,0x00000000f9480000)
  from space 52224K, 45% used [0x00000000fc700000,0x00000000fde69178,0x00000000ffa00000)
  to   space 51712K, 0% used [0x00000000f9480000,0x00000000f9480000,0x00000000fc700000)
 ParOldGen       total 161280K, used 126093K [0x00000000a0000000, 0x00000000a9d80000, 0x00000000e0000000)
  object space 161280K, 78% used [0x00000000a0000000,0x00000000a7b236d8,0x00000000a9d80000)
 Metaspace       used 93447K, capacity 99830K, committed 100312K, reserved 1136640K
  class space    used 11810K, capacity 12857K, committed 13056K, reserved 1048576K
}
Event: 8896.544 GC heap before
{Heap before GC invocations=73 (full 4):
 PSYoungGen      total 466432K, used 438180K [0x00000000e0000000, 0x00000000ffa00000, 0x0000000100000000)
  eden space 414208K, 100% used [0x00000000e0000000,0x00000000f9480000,0x00000000f9480000)
  from space 52224K, 45% used [0x00000000fc700000,0x00000000fde69178,0x00000000ffa00000)
  to   space 51712K, 0% used [0x00000000f9480000,0x00000000f9480000,0x00000000fc700000)
 ParOldGen       total 161280K, used 126093K [0x00000000a0000000, 0x00000000a9d80000, 0x00000000e0000000)
  object space 161280K, 78% used [0x00000000a0000000,0x00000000a7b236d8,0x00000000a9d80000)
 Metaspace       used 93559K, capacity 99936K, committed 100312K, reserved 1136640K
  class space    used 11812K, capacity 12891K, committed 13056K, reserved 1048576K
Event: 8897.434 GC heap after
Heap after GC invocations=73 (full 4):
 PSYoungGen      total 465920K, used 30064K [0x00000000e0000000, 0x0000000100000000, 0x0000000100000000)
  eden space 414208K, 0% used [0x00000000e0000000,0x00000000e0000000,0x00000000f9480000)
  from space 51712K, 58% used [0x00000000f9480000,0x00000000fb1dc138,0x00000000fc700000)
  to   space 53248K, 0% used [0x00000000fcc00000,0x00000000fcc00000,0x0000000100000000)
 ParOldGen       total 161280K, used 126101K [0x00000000a0000000, 0x00000000a9d80000, 0x00000000e0000000)
  object space 161280K, 78% used [0x00000000a0000000,0x00000000a7b256d8,0x00000000a9d80000)
 Metaspace       used 93559K, capacity 99936K, committed 100312K, reserved 1136640K
  class space    used 11812K, capacity 12891K, committed 13056K, reserved 1048576K
}

